<?xml version="1.0" encoding="UTF-8"?>
<!-- Generated by org.testng.reporters.JUnitReportReporter -->
<testsuite hostname="Zahid_Desktop" failures="0" tests="1" name="automationz.AutomationTask" time="4.600" errors="0" timestamp="5 Aug 2022 05:18:29 GMT">
  <testcase classname="automationz.AutomationTask" name="firstMethod" time="4.600"/>
</testsuite> <!-- automationz.AutomationTask -->
